<?xml version="1.0" encoding="UTF-8"?>
<!-- Generated by org.testng.reporters.JUnitXMLReporter -->
<testsuite hostname="MSI" name="Command line test" tests="1" failures="1" timestamp="7 Oct 2019 10:12:21 GMT" time="40.226" errors="0">
  <testcase name="loginSgb" time="28.246" classname="com.rewards.tests.RewardsLoginTest">
    <failure type="java.lang.AssertionError" message="expected [Amplify Rewards - Member Login] but found [Amplify Rewards - Sign In]">
      <![CDATA[java.lang.AssertionError: expected [Amplify Rewards - Member Login] but found [Amplify Rewards - Sign In]
	at com.rewards.tests.RewardsLoginTest.loginSgb(RewardsLoginTest.java:72)
	at com.rewards.tests.TestRunner.main(TestRunner.java:19)
... Removed 26 stack frames]]>
    </failure>
  </testcase> <!-- loginSgb -->
</testsuite> <!-- Command line test -->
