<?xml version="1.0" encoding="UTF-8"?>
<testng-results skipped="0" failed="1" total="1" passed="0">
  <reporter-output>
  </reporter-output>
  <suite name="Default suite" duration-ms="34808" started-at="2019-10-07T10:23:50Z" finished-at="2019-10-07T10:24:24Z">
    <groups>
    </groups>
    <test name="Default test" duration-ms="34808" started-at="2019-10-07T10:23:50Z" finished-at="2019-10-07T10:24:24Z">
      <class name="com.rewards.tests.RewardsLoginTest">
        <test-method status="PASS" signature="setup()[pri:0, instance:com.rewards.tests.RewardsLoginTest@2d209079]" name="setup" is-config="true" duration-ms="10694" started-at="2019-10-07T21:23:50Z" finished-at="2019-10-07T21:24:01Z">
          <reporter-output>
          </reporter-output>
        </test-method> <!-- setup -->
        <test-method status="FAIL" signature="loginSgb(java.lang.String, java.lang.String, java.lang.String)[pri:0, instance:com.rewards.tests.RewardsLoginTest@2d209079]" name="loginSgb" duration-ms="22854" started-at="2019-10-07T21:24:01Z" data-provider="getLoginTestDataSgb" finished-at="2019-10-07T21:24:24Z">
          <params>
            <param index="0">
              <value>
                <![CDATA[https://amplify.stgeorge.com.au/public/login.aspx?NextPage=public/memberlogin.aspx&]]>
              </value>
            </param>
            <param index="1">
              <value>
                <![CDATA[Steven.solway@mastercard.com]]>
              </value>
            </param>
            <param index="2">
              <value>
                <![CDATA[Waffles69]]>
              </value>
            </param>
          </params>
          <exception class="java.lang.AssertionError">
            <message>
              <![CDATA[expected [Amplify Rewards - Member Login] but found [Amplify Rewards - Sign In]]]>
            </message>
            <full-stacktrace>
              <![CDATA[java.lang.AssertionError: expected [Amplify Rewards - Member Login] but found [Amplify Rewards - Sign In]
	at org.testng.Assert.fail(Assert.java:94)
	at org.testng.Assert.failNotEquals(Assert.java:494)
	at org.testng.Assert.assertEquals(Assert.java:123)
	at org.testng.Assert.assertEquals(Assert.java:176)
	at org.testng.Assert.assertEquals(Assert.java:186)
	at com.rewards.tests.RewardsLoginTest.loginSgb(RewardsLoginTest.java:72)
	at sun.reflect.NativeMethodAccessorImpl.invoke0(Native Method)
	at sun.reflect.NativeMethodAccessorImpl.invoke(NativeMethodAccessorImpl.java:62)
	at sun.reflect.DelegatingMethodAccessorImpl.invoke(DelegatingMethodAccessorImpl.java:43)
	at java.lang.reflect.Method.invoke(Method.java:498)
	at org.testng.internal.MethodInvocationHelper.invokeMethod(MethodInvocationHelper.java:80)
	at org.testng.internal.Invoker.invokeMethod(Invoker.java:714)
	at org.testng.internal.Invoker.invokeTestMethod(Invoker.java:901)
	at org.testng.internal.Invoker.invokeTestMethods(Invoker.java:1231)
	at org.testng.internal.TestMethodWorker.invokeTestMethods(TestMethodWorker.java:127)
	at org.testng.internal.TestMethodWorker.run(TestMethodWorker.java:111)
	at org.testng.TestRunner.privateRun(TestRunner.java:767)
	at org.testng.TestRunner.run(TestRunner.java:617)
	at org.testng.SuiteRunner.runTest(SuiteRunner.java:334)
	at org.testng.SuiteRunner.runSequentially(SuiteRunner.java:329)
	at org.testng.SuiteRunner.privateRun(SuiteRunner.java:291)
	at org.testng.SuiteRunner.run(SuiteRunner.java:240)
	at org.testng.SuiteRunnerWorker.runSuite(SuiteRunnerWorker.java:52)
	at org.testng.SuiteRunnerWorker.run(SuiteRunnerWorker.java:86)
	at org.testng.TestNG.runSuitesSequentially(TestNG.java:1198)
	at org.testng.TestNG.runSuitesLocally(TestNG.java:1123)
	at org.testng.TestNG.run(TestNG.java:1031)
	at org.testng.remote.RemoteTestNG.run(RemoteTestNG.java:115)
	at org.testng.remote.RemoteTestNG.initAndRun(RemoteTestNG.java:207)
	at org.testng.remote.RemoteTestNG.main(RemoteTestNG.java:178)
]]>
            </full-stacktrace>
          </exception> <!-- java.lang.AssertionError -->
          <reporter-output>
          </reporter-output>
        </test-method> <!-- loginSgb -->
        <test-method status="PASS" signature="tearDown()[pri:0, instance:com.rewards.tests.RewardsLoginTest@2d209079]" name="tearDown" is-config="true" duration-ms="737" started-at="2019-10-07T21:24:24Z" finished-at="2019-10-07T21:24:24Z">
          <reporter-output>
          </reporter-output>
        </test-method> <!-- tearDown -->
      </class> <!-- com.rewards.tests.RewardsLoginTest -->
    </test> <!-- Default test -->
  </suite> <!-- Default suite -->
</testng-results>
